Build started 2017/8/4 16:41:28.
     1>Project "D:\代码\xgboost-master\windows\xgboost\xgboost.vcxproj" on node 2 (Build target(s)).
     1>ClCompile:
         C:\Program Files (x86)\Microsoft Visual Studio 12.0\VC\bin\CL.exe /c /Zi /nologo /W3 /WX- /O2 /Oi /Oy- /GL /D _CRT_SECURE_NO_WARNINGS /D _MBCS /Gm- /EHsc /MT /GS /Gy /fp:precise /Zc:wchar_t /Zc:forScope /openmp /Fo"Release\\" /Fd"Release\vc120.pdb" /Gd /TP /analyze- /errorReport:prompt ..\..\src\gbm\gbm.cpp ..\..\src\io\dmlc_simple.cpp ..\..\src\io\io.cpp ..\..\src\tree\updater.cpp ..\..\src\xgboost_main.cpp
         gbm.cpp
     1>..\..\src\gbm\gbm.cpp(2): warning C4005: '_CRT_SECURE_NO_WARNINGS' : macro redefinition
                 command-line arguments :  see previous definition of '_CRT_SECURE_NO_WARNINGS'
     1>d:\代码\xgboost-master\src\gbm\./gbtree-inl.hpp(162): warning C4244: 'argument' : conversion from 'int64_t' to 'size_t', possible loss of data
     1>d:\代码\xgboost-master\src\gbm\./gbtree-inl.hpp(163): warning C4244: 'argument' : conversion from 'int64_t' to 'unsigned int', possible loss of data
     1>d:\代码\xgboost-master\src\gbm\./gbtree-inl.hpp(297): warning C4244: 'argument' : conversion from 'const int64_t' to 'unsigned int', possible loss of data
     1>d:\代码\xgboost-master\src\gbm\./gbtree-inl.hpp(299): warning C4244: 'argument' : conversion from 'const int64_t' to 'unsigned int', possible loss of data
     1>d:\代码\xgboost-master\src\gbm\./gbtree-inl.hpp(301): warning C4244: 'argument' : conversion from 'const int64_t' to 'unsigned int', possible loss of data
     1>d:\代码\xgboost-master\src\gbm\./gbtree-inl.hpp(303): warning C4244: 'argument' : conversion from 'const int64_t' to 'unsigned int', possible loss of data
     1>d:\代码\xgboost-master\src\gbm\./gbtree-inl.hpp(323): warning C4244: 'argument' : conversion from 'const int64_t' to 'unsigned int', possible loss of data
     1>d:\代码\xgboost-master\src\gbm\./gbtree-inl.hpp(324): warning C4244: 'argument' : conversion from 'const int64_t' to 'unsigned int', possible loss of data
     1>d:\代码\xgboost-master\src\gbm\./gbtree-inl.hpp(326): warning C4244: 'argument' : conversion from 'const int64_t' to 'unsigned int', possible loss of data
     1>d:\代码\xgboost-master\src\gbm\./gbtree-inl.hpp(345): warning C4244: 'argument' : conversion from 'const int64_t' to 'unsigned int', possible loss of data
     1>d:\代码\xgboost-master\src\gbm\./gbtree-inl.hpp(346): warning C4244: 'argument' : conversion from 'const int64_t' to 'unsigned int', possible loss of data
     1>d:\代码\xgboost-master\src\gbm\./gbtree-inl.hpp(348): warning C4244: 'argument' : conversion from 'const int64_t' to 'unsigned int', possible loss of data
     1>d:\代码\xgboost-master\src\gbm\./gbtree-inl.hpp(485): warning C4244: 'return' : conversion from 'const int64_t' to 'size_t', possible loss of data
         dmlc_simple.cpp
     1>..\..\src\io\dmlc_simple.cpp(2): warning C4005: '_CRT_SECURE_NO_WARNINGS' : macro redefinition
                 command-line arguments :  see previous definition of '_CRT_SECURE_NO_WARNINGS'
         io.cpp
     1>..\..\src\io\io.cpp(2): warning C4005: '_CRT_SECURE_NO_WARNINGS' : macro redefinition
                 command-line arguments :  see previous definition of '_CRT_SECURE_NO_WARNINGS'
         updater.cpp
     1>..\..\src\tree\updater.cpp(2): warning C4005: '_CRT_SECURE_NO_WARNINGS' : macro redefinition
                 command-line arguments :  see previous definition of '_CRT_SECURE_NO_WARNINGS'
         xgboost_main.cpp
     1>..\..\src\xgboost_main.cpp(2): warning C4005: '_CRT_SECURE_NO_WARNINGS' : macro redefinition
                 command-line arguments :  see previous definition of '_CRT_SECURE_NO_WARNINGS'
     1>d:\代码\xgboost-master\src\./learner/learner-inl.hpp(181): warning C4244: 'argument' : conversion from 'uint64_t' to 'unsigned int', possible loss of data
     1>d:\代码\xgboost-master\src\./learner/learner-inl.hpp(182): warning C4244: 'argument' : conversion from 'uint64_t' to 'size_t', possible loss of data
       Link:
         C:\Program Files (x86)\Microsoft Visual Studio 12.0\VC\bin\link.exe /ERRORREPORT:PROMPT /OUT:"D:\代码\xgboost-master\windows\Release\xgboost.exe" /NOLOGO "D:\代码\xgboost-master\windows\Release\\rabit.lib" opencv_ml249d.lib opencv_calib3d249d.lib opencv_contrib249d.lib opencv_core249d.lib opencv_features2d249d.lib opencv_flann249d.lib opencv_gpu249d.lib opencv_highgui249d.lib opencv_imgproc249d.lib opencv_legacy249d.lib opencv_objdetect249d.lib opencv_ts249d.lib opencv_video249d.lib opencv_nonfree249d.lib opencv_ocl249d.lib opencv_photo249d.lib opencv_stitching249d.lib opencv_superres249d.lib opencv_videostab249d.lib kernel32.lib user32.lib gdi32.lib winspool.lib comdlg32.lib advapi32.lib shell32.lib ole32.lib oleaut32.lib uuid.lib odbc32.lib odbccp32.lib /MANIFEST /MANIFESTUAC:"level='asInvoker' uiAccess='false'" /manifest:embed /DEBUG /PDB:"D:\代码\xgboost-master\windows\Release\xgboost.pdb" /OPT:REF /OPT:ICF /LTCG /TLBID:1 /DYNAMICBASE /NXCOMPAT /IMPLIB:"D:\代码\xgboost-master\windows\Release\xgboost.lib" /MACHINE:X86 /SAFESEH Release\gbm.obj
         Release\dmlc_simple.obj
         Release\io.obj
         Release\updater.obj
         Release\xgboost_main.obj
         "D:\代码\xgboost-master\windows\Release\rabit.lib"
         Generating code
         Finished generating code
         xgboost.vcxproj -> D:\代码\xgboost-master\windows\Release\xgboost.exe
     1>Done Building Project "D:\代码\xgboost-master\windows\xgboost\xgboost.vcxproj" (Build target(s)).

Build succeeded.

Time Elapsed 00:00:12.68
