Build started 2017/8/4 15:24:58.
     1>Project "D:\代码\xgboost-master\windows\xgboost_wrapper\xgboost_wrapper.vcxproj" on node 3 (Build target(s)).
     1>ClCompile:
         C:\Program Files (x86)\Microsoft Visual Studio 12.0\VC\bin\CL.exe /c /ZI /nologo /W3 /WX- /Od /Oy- /D _CRT_SECURE_NO_WARNINGS /D _WINDLL /D _MBCS /Gm /EHsc /RTC1 /MDd /GS /fp:precise /Zc:wchar_t /Zc:forScope /Fo"Debug\\" /Fd"Debug\vc120.pdb" /Gd /TP /analyze- /errorReport:prompt ..\..\src\gbm\gbm.cpp ..\..\src\io\dmlc_simple.cpp ..\..\src\io\io.cpp ..\..\src\tree\updater.cpp ..\..\subtree\rabit\src\engine_empty.cc ..\..\wrapper\xgboost_wrapper.cpp
         xgboost_wrapper.cpp
     1>d:\代码\xgboost-master\wrapper\xgboost_wrapper.cpp(3): warning C4005: '_CRT_SECURE_NO_WARNINGS' : macro redefinition
                 command-line arguments :  see previous definition of '_CRT_SECURE_NO_WARNINGS'
     1>d:\代码\xgboost-master\src\learner\learner-inl.hpp(181): warning C4244: 'argument' : conversion from 'uint64_t' to 'unsigned int', possible loss of data
     1>d:\代码\xgboost-master\src\learner\learner-inl.hpp(182): warning C4244: 'argument' : conversion from 'uint64_t' to 'size_t', possible loss of data
     1>d:\代码\xgboost-master\wrapper\xgboost_wrapper.cpp(410): warning C4244: 'argument' : conversion from 'uint64_t' to 'unsigned int', possible loss of data
         engine_empty.cc
     1>d:\代码\xgboost-master\subtree\rabit\src\engine_empty.cc(9): warning C4005: '_CRT_SECURE_NO_WARNINGS' : macro redefinition
                 command-line arguments :  see previous definition of '_CRT_SECURE_NO_WARNINGS'
         updater.cpp
     1>d:\代码\xgboost-master\src\tree\updater.cpp(2): warning C4005: '_CRT_SECURE_NO_WARNINGS' : macro redefinition
                 command-line arguments :  see previous definition of '_CRT_SECURE_NO_WARNINGS'
         io.cpp
     1>d:\代码\xgboost-master\src\io\io.cpp(2): warning C4005: '_CRT_SECURE_NO_WARNINGS' : macro redefinition
                 command-line arguments :  see previous definition of '_CRT_SECURE_NO_WARNINGS'
         dmlc_simple.cpp
     1>d:\代码\xgboost-master\src\io\dmlc_simple.cpp(2): warning C4005: '_CRT_SECURE_NO_WARNINGS' : macro redefinition
                 command-line arguments :  see previous definition of '_CRT_SECURE_NO_WARNINGS'
         gbm.cpp
     1>d:\代码\xgboost-master\src\gbm\gbm.cpp(2): warning C4005: '_CRT_SECURE_NO_WARNINGS' : macro redefinition
                 command-line arguments :  see previous definition of '_CRT_SECURE_NO_WARNINGS'
     1>d:\代码\xgboost-master\src\gbm\gbtree-inl.hpp(162): warning C4244: 'argument' : conversion from 'int64_t' to 'size_t', possible loss of data
     1>d:\代码\xgboost-master\src\gbm\gbtree-inl.hpp(163): warning C4244: 'argument' : conversion from 'int64_t' to 'unsigned int', possible loss of data
     1>d:\代码\xgboost-master\src\gbm\gbtree-inl.hpp(297): warning C4244: 'argument' : conversion from 'const int64_t' to 'unsigned int', possible loss of data
     1>d:\代码\xgboost-master\src\gbm\gbtree-inl.hpp(299): warning C4244: 'argument' : conversion from 'const int64_t' to 'unsigned int', possible loss of data
     1>d:\代码\xgboost-master\src\gbm\gbtree-inl.hpp(301): warning C4244: 'argument' : conversion from 'const int64_t' to 'unsigned int', possible loss of data
     1>d:\代码\xgboost-master\src\gbm\gbtree-inl.hpp(303): warning C4244: 'argument' : conversion from 'const int64_t' to 'unsigned int', possible loss of data
     1>d:\代码\xgboost-master\src\gbm\gbtree-inl.hpp(323): warning C4244: 'argument' : conversion from 'const int64_t' to 'unsigned int', possible loss of data
     1>d:\代码\xgboost-master\src\gbm\gbtree-inl.hpp(324): warning C4244: 'argument' : conversion from 'const int64_t' to 'unsigned int', possible loss of data
     1>d:\代码\xgboost-master\src\gbm\gbtree-inl.hpp(326): warning C4244: 'argument' : conversion from 'const int64_t' to 'unsigned int', possible loss of data
     1>d:\代码\xgboost-master\src\gbm\gbtree-inl.hpp(345): warning C4244: 'argument' : conversion from 'const int64_t' to 'unsigned int', possible loss of data
     1>d:\代码\xgboost-master\src\gbm\gbtree-inl.hpp(346): warning C4244: 'argument' : conversion from 'const int64_t' to 'unsigned int', possible loss of data
     1>d:\代码\xgboost-master\src\gbm\gbtree-inl.hpp(348): warning C4244: 'argument' : conversion from 'const int64_t' to 'unsigned int', possible loss of data
     1>d:\代码\xgboost-master\src\gbm\gbtree-inl.hpp(485): warning C4244: 'return' : conversion from 'const int64_t' to 'size_t', possible loss of data
         Generating Code...
       Link:
         C:\Program Files (x86)\Microsoft Visual Studio 12.0\VC\bin\link.exe /ERRORREPORT:PROMPT /OUT:"D:\代码\xgboost-master\windows\Debug\xgboost_wrapper.dll" /INCREMENTAL /NOLOGO opencv_ml249d.lib opencv_calib3d249d.lib opencv_contrib249d.lib opencv_core249d.lib opencv_features2d249d.lib opencv_flann249d.lib opencv_gpu249d.lib opencv_highgui249d.lib opencv_imgproc249d.lib opencv_legacy249d.lib opencv_objdetect249d.lib opencv_ts249d.lib opencv_video249d.lib opencv_nonfree249d.lib opencv_ocl249d.lib opencv_photo249d.lib opencv_stitching249d.lib opencv_superres249d.lib opencv_videostab249d.lib kernel32.lib user32.lib gdi32.lib winspool.lib comdlg32.lib advapi32.lib shell32.lib ole32.lib oleaut32.lib uuid.lib odbc32.lib odbccp32.lib /MANIFEST /MANIFESTUAC:"level='asInvoker' uiAccess='false'" /manifest:embed /DEBUG /PDB:"D:\代码\xgboost-master\windows\Debug\xgboost_wrapper.pdb" /TLBID:1 /DYNAMICBASE /NXCOMPAT /IMPLIB:"D:\代码\xgboost-master\windows\Debug\xgboost_wrapper.lib" /MACHINE:X86 /DLL Debug\gbm.obj
         Debug\dmlc_simple.obj
         Debug\io.obj
         Debug\updater.obj
         Debug\engine_empty.obj
         Debug\xgboost_wrapper.obj
            Creating library D:\代码\xgboost-master\windows\Debug\xgboost_wrapper.lib and object D:\代码\xgboost-master\windows\Debug\xgboost_wrapper.exp
         xgboost_wrapper.vcxproj -> D:\代码\xgboost-master\windows\Debug\xgboost_wrapper.dll
     1>Done Building Project "D:\代码\xgboost-master\windows\xgboost_wrapper\xgboost_wrapper.vcxproj" (Build target(s)).

Build succeeded.

Time Elapsed 00:00:07.93
